<?xml version="1.0" encoding="UTF-8"?>
<persistence xmlns="http://java.sun.com/xml/ns/persistence"
	xmlns:xsi="http://www.w3.org/2001/XMLSchema-instance"
	xsi:schemaLocation="http://java.sun.com/xml/ns/persistence http://java.sun.com/xml/ns/persistence/persistence_1_0.xsd"
	version="1.0">
	
	    <persistence-unit name="AuthServices">
        <provider>org.hibernate.ejb.HibernatePersistence</provider>
        <jta-data-source>testDatabase</jta-data-source>
        <properties>
            <property name="hibernate.dialect" value="org.hibernate.dialect.Oracle10gDialect" />
			
            <property name="hibernate.show_sql" value="true"/>
            <property name="javax.persistence.jdbc.driver"
                value="oracle.jdbc.OracleDriver"/>
            <property name="javax.persistence.jdbc.url"
                value="jdbc:oracle:thin:@10.146.136.40:1521:SDEORCL"/>      
            <property name="javax.persistence.jdbc.user" value="CUD_TEST"/>
            <property name="javax.persistence.jdbc.password" value="CUD"/>     
        </properties>
        
    </persistence-unit>
</persistence>
